Arguments: 
  /home/nico.alex/.nvm/versions/node/v17.9.1/bin/node /usr/local/bin/yarn add currencycloud

PATH: 
  /home/nico.alex/.nvm/versions/node/v17.9.1/bin:/home/nico.alex/.local/bin:/home/nico.alex/bin:/usr/local/bin:/usr/bin:/bin:/usr/local/sbin:/usr/sbin

Yarn version: 
  1.22.19

Node version: 
  17.9.1

Platform: 
  linux x64

Trace: 
  Error: https://registry.yarnpkg.com/currencycloud: Not found
      at Request.params.callback [as _callback] (/usr/local/lib/node_modules/yarn/lib/cli.js:66145:18)
      at Request.self.callback (/usr/local/lib/node_modules/yarn/lib/cli.js:140890:22)
      at Request.emit (node:events:527:28)
      at Request.<anonymous> (/usr/local/lib/node_modules/yarn/lib/cli.js:141862:10)
      at Request.emit (node:events:527:28)
      at IncomingMessage.<anonymous> (/usr/local/lib/node_modules/yarn/lib/cli.js:141784:12)
      at Object.onceWrapper (node:events:641:28)
      at IncomingMessage.emit (node:events:539:35)
      at endReadableNT (node:internal/streams/readable:1345:12)
      at processTicksAndRejections (node:internal/process/task_queues:83:21)

npm manifest: 
  {
    "name": "functions",
    "version": "1.0.0",
    "description": "",
    "scripts": {
      "build": "tsc",
      "watch": "tsc -w",
      "clean": "rimraf dist",
      "prestart": "npm run clean && npm run build",
      "start": "func start",
      "test": "echo \"No tests yet...\""
    },
    "dependencies": {
      "@hubspot/api-client": "^9.1.0",
      "axios": "^1.4.0",
      "durable-functions": "^2.1.3"
    },
    "devDependencies": {
      "@azure/functions": "^3.0.0",
      "@types/node": "^16.x",
      "rimraf": "^5.0.0",
      "typescript": "^4.0.0"
    }
  }

yarn manifest: 
  No manifest

Lockfile: 
  No lockfile
